Device: cuda
Dataset root: /scratch/users/joshua04/ECHO/data/cactus/cactus_dataset
Found CSV files: 6
Total rows: 37736
Matched images: 37736
Train: 30188
Val: 7548

Epoch 0
Train loss: 0.9404166097736965
Val loss: 0.47053557609097435
Grade MAE: [0.51748806]
Quality accuracy: 0.8639374668786434
Saved best model

Epoch 1
Train loss: 0.5638188470975828
Val loss: 0.4306332916021347
Grade MAE: [0.49324325]
Quality accuracy: 0.8929517753047165
Saved best model

Epoch 2
Train loss: 0.4592985372864089
Val loss: 0.32819883992611354
Grade MAE: [0.36671966]
Quality accuracy: 0.9214361420243773
Saved best model

Epoch 3
Train loss: 0.40234009596377107
Val loss: 0.28816440903534324
Grade MAE: [0.36764705]
Quality accuracy: 0.9311075781664017
Saved best model

Epoch 4
Train loss: 0.35166736985793556
Val loss: 0.25798160847970997
Grade MAE: [0.32313195]
Quality accuracy: 0.9337572866984631
Saved best model

Epoch 5
Train loss: 0.3186451758621103
Val loss: 0.25555352854021524
Grade MAE: [0.31332803]
Quality accuracy: 0.940779014308426
Saved best model

Epoch 6
Train loss: 0.289560528850909
Val loss: 0.2377078769318128
Grade MAE: [0.3153153]
Quality accuracy: 0.9468733439321675
Saved best model

Epoch 7
Train loss: 0.26859384569955075
Val loss: 0.20225878855434515
Grade MAE: [0.25569686]
Quality accuracy: 0.9533651298357181
Saved best model

Epoch 8
Train loss: 0.24238800014353404
Val loss: 0.2075076266112974
Grade MAE: [0.2599364]
Quality accuracy: 0.9553524112347642

Epoch 9
Train loss: 0.22939441580388506
Val loss: 0.18463225852129822
Grade MAE: [0.2427133]
Quality accuracy: 0.9564122946475888
Saved best model

Epoch 10
Train loss: 0.21092075619341458
Val loss: 0.19074049642530538
Grade MAE: [0.22986221]
Quality accuracy: 0.9488606253312135

Epoch 11
Train loss: 0.21036523400600685
Val loss: 0.1771498165898404
Grade MAE: [0.21899842]
Quality accuracy: 0.9558823529411765
Saved best model

Epoch 12
Train loss: 0.19105615883560503
Val loss: 0.1517161816295426
Grade MAE: [0.19581346]
Quality accuracy: 0.962241653418124
Saved best model

Epoch 13
Train loss: 0.18230891728110737
Val loss: 0.15627857474452359
Grade MAE: [0.19409116]
Quality accuracy: 0.9623741388447271

Epoch 14
Train loss: 0.1701030992602898
Val loss: 0.15269699781122853
Grade MAE: [0.1826974]
Quality accuracy: 0.9660837307896132

Epoch 15
Train loss: 0.1592387797752932
Val loss: 0.1378118885775744
Grade MAE: [0.16905141]
Quality accuracy: 0.9682034976152624
Saved best model

Epoch 16
Train loss: 0.14843388477940175
Val loss: 0.14617849955871953
Grade MAE: [0.17898782]
Quality accuracy: 0.9656862745098039

Epoch 17
Train loss: 0.1398525406937983
Val loss: 0.12891789394730735
Grade MAE: [0.16216215]
Quality accuracy: 0.9697933227344993
Saved best model

Epoch 18
Train loss: 0.13579401446474812
Val loss: 0.14524330410285521
Grade MAE: [0.16534181]
Quality accuracy: 0.9680710121886592

Epoch 19
Train loss: 0.12814787628476398
Val loss: 0.13195469869711138
Grade MAE: [0.1481187]
Quality accuracy: 0.9689984101748808

Epoch 20
Train loss: 0.12274085910264719
Val loss: 0.12803012555686094
Grade MAE: [0.14599894]
Quality accuracy: 0.9704557498675146
Saved best model

Epoch 21
Train loss: 0.1159791808843739
Val loss: 0.12350438986668143
Grade MAE: [0.13937467]
Quality accuracy: 0.9704557498675146
Saved best model

Epoch 22
Train loss: 0.11117199959896379
Val loss: 0.12062164257138462
Grade MAE: [0.14043455]
Quality accuracy: 0.9724430312665607
Saved best model

Epoch 23
Train loss: 0.10640199619771565
Val loss: 0.1343695579128245
Grade MAE: [0.14838368]
Quality accuracy: 0.9703232644409115

Epoch 24
Train loss: 0.10262035977853051
Val loss: 0.12212376519090544
Grade MAE: [0.13275039]
Quality accuracy: 0.9720455749867515

Epoch 25
Train loss: 0.10173790009250328
Val loss: 0.12096517869287123
Grade MAE: [0.13566507]
Quality accuracy: 0.9739003709591945

Epoch 26
Train loss: 0.09905397101163359
Val loss: 0.11828413779326415
Grade MAE: [0.1346052]
Quality accuracy: 0.9727080021197668
Saved best model

Epoch 27
Train loss: 0.0981699343833883
Val loss: 0.11772057025740712
Grade MAE: [0.13354531]
Quality accuracy: 0.9719130895601484
Saved best model

Epoch 28
Train loss: 0.09538268275811511
Val loss: 0.11751743728073977
Grade MAE: [0.13354531]
Quality accuracy: 0.9725755166931638
Saved best model

Epoch 29
Train loss: 0.09556935440306946
Val loss: 0.11815405109802544
Grade MAE: [0.13420774]
Quality accuracy: 0.9727080021197668

Training complete
Final model: /scratch/users/joshua04/Echo-Code/checkpoints/quality_final.pth
